D/NDROID  (  765): GetVersion: 0x40737d1d
D/NDROID  (  765): DefineClass: 0x40737c91
D/NDROID  (  765): FindClass: 0x40737c1d
D/NDROID  (  765): GetSuperclass: 0x40737a8d
D/NDROID  (  765): IsAssignableFrom: 0x40737a21
D/NDROID  (  765): Throw: 0x40737951
D/NDROID  (  765): ThrowNew: 0x407378ed
D/NDROID  (  765): ExceptionOccurred: 0x40737891
D/NDROID  (  765): ExceptionDescribe: 0x4073783d
D/NDROID  (  765): ExceptionClear: 0x407377e9
D/NDROID  (  765): FatalError: 0x40737791
D/NDROID  (  765): ExceptionCheck: 0x40730771
D/NDROID  (  765): NewGlobalRef: 0x40737671
D/NDROID  (  765): DeleteGlobalRef: 0x407375dd
D/NDROID  (  765): DeleteLocalRef: 0x40737549
D/NDROID  (  765): EnsureLocalCapacity: 0x4073741d
D/NDROID  (  765): PushLocalFrame: 0x40737731
D/NDROID  (  765): PopLocalFrame: 0x407376d1
D/NDROID  (  765): NewLocalRef: 0x4073747d
D/NDROID  (  765): NewWeakGlobalRef: 0x40730829
D/NDROID  (  765): DeleteWeakGlobalRef: 0x407307cd
D/NDROID  (  765): AllocObject: 0x407373bd
D/NDROID  (  765): NewObject: 0x40737345
D/NDROID  (  765): NewObjectA: 0x40737265
D/NDROID  (  765): NewObjectV: 0x407372d5
D/NDROID  (  765): GetObjectClass: 0x40737205
D/NDROID  (  765): GetObjectRefType: 0x4073059d
D/NDROID  (  765): IsInstanceOf: 0x40737195
D/NDROID  (  765): IsSameObject: 0x407374dd
D/NDROID  (  765): GetFieldID: 0x40734df5
D/NDROID  (  765): GetObjectField: 0x40734d6d
D/NDROID  (  765): GetBooleanField: 0x40734ce5
D/NDROID  (  765): GetByteField: 0x40734c5d
D/NDROID  (  765): GetCharField: 0x40734bd5
D/NDROID  (  765): GetShortField: 0x40734b4d
D/NDROID  (  765): GetIntField: 0x40734ac5
D/NDROID  (  765): GetLongField: 0x40734a39
D/NDROID  (  765): GetFloatField: 0x407349a1
D/NDROID  (  765): GetDoubleField: 0x40734915
D/NDROID  (  765): SetObjectField: 0x4073488d
D/NDROID  (  765): SetBooleanField: 0x40734805
D/NDROID  (  765): SetByteField: 0x4073477d
D/NDROID  (  765): SetCharField: 0x407346f5
D/NDROID  (  765): SetShortField: 0x4073466d
D/NDROID  (  765): SetIntField: 0x407345e5
D/NDROID  (  765): SetLongField: 0x40734551
D/NDROID  (  765): SetFloatField: 0x407344b1
D/NDROID  (  765): SetDoubleField: 0x40734415
D/NDROID  (  765): GetMethodID: 0x40737125
D/NDROID  (  765): CallVoidMethod: 0x4073611d
D/NDROID  (  765): CallVoidMethodA: 0x4073600d
D/NDROID  (  765): CallVoidMethodV: 0x40736095
D/NDROID  (  765): CallObjectMethod: 0x40737091
D/NDROID  (  765): CallObjectMethodA: 0x40736f79
D/NDROID  (  765): CallObjectMethodV: 0x40737005
D/NDROID  (  765): CallBooleanMethod: 0x40736ee5
D/NDROID  (  765): CallBooleanMethodA: 0x40736dcd
D/NDROID  (  765): CallBooleanMethodV: 0x40736e59
D/NDROID  (  765): CallByteMethod: 0x40736d39
D/NDROID  (  765): CallByteMethodA: 0x40736c21
D/NDROID  (  765): CallByteMethodV: 0x40736cad
D/NDROID  (  765): CallCharMethod: 0x40736b8d
D/NDROID  (  765): CallCharMethodA: 0x40736a75
D/NDROID  (  765): CallCharMethodV: 0x40736b01
D/NDROID  (  765): CallShortMethod: 0x407369e1
D/NDROID  (  765): CallShortMethodA: 0x407368c9
D/NDROID  (  765): CallShortMethodV: 0x40736955
D/NDROID  (  765): CallIntMethod: 0x40736835
D/NDROID  (  765): CallIntMethodA: 0x4073671d
D/NDROID  (  765): CallIntMethodV: 0x407367a9
D/NDROID  (  765): CallLongMethod: 0x40736681
D/NDROID  (  765): CallLongMethodA: 0x40736559
D/NDROID  (  765): CallLongMethodV: 0x407365ed
D/NDROID  (  765): CallFloatMethod: 0x407364b1
D/NDROID  (  765): CallFloatMethodA: 0x40736371
D/NDROID  (  765): CallFloatMethodV: 0x40736411
D/NDROID  (  765): CallDoubleMethod: 0x407362d5
D/NDROID  (  765): CallDoubleMethodA: 0x407361ad
D/NDROID  (  765): CallDoubleMethodV: 0x40736241
D/NDROID  (  765): CallNonvirtualVoidMethod: 0x40734f7d
D/NDROID  (  765): CallNonvirtualVoidMethodA: 0x40734e65
D/NDROID  (  765): CallNonvirtualVoidMethodV: 0x40734ef1
D/NDROID  (  765): CallNonvirtualObjectMethod: 0x40735f71
D/NDROID  (  765): CallNonvirtualObjectMethodA: 0x40735e51
D/NDROID  (  765): CallNonvirtualObjectMethodV: 0x40735ee1
D/NDROID  (  765): CallNonvirtualBooleanMethod: 0x40735db5
D/NDROID  (  765): CallNonvirtualBooleanMethodA: 0x40735c95
D/NDROID  (  765): CallNonvirtualBooleanMethodV: 0x40735d25
D/NDROID  (  765): CallNonvirtualByteMethod: 0x40735bf9
D/NDROID  (  765): CallNonvirtualByteMethodA: 0x40735ad9
D/NDROID  (  765): CallNonvirtualByteMethodV: 0x40735b69
D/NDROID  (  765): CallNonvirtualCharMethod: 0x40735a3d
D/NDROID  (  765): CallNonvirtualCharMethodA: 0x4073591d
D/NDROID  (  765): CallNonvirtualCharMethodV: 0x407359ad
D/NDROID  (  765): CallNonvirtualShortMethod: 0x40735881
D/NDROID  (  765): CallNonvirtualShortMethodA: 0x40735761
D/NDROID  (  765): CallNonvirtualShortMethodV: 0x407357f1
D/NDROID  (  765): CallNonvirtualIntMethod: 0x407356c5
D/NDROID  (  765): CallNonvirtualIntMethodA: 0x407355a5
D/NDROID  (  765): CallNonvirtualIntMethodV: 0x40735635
D/NDROID  (  765): CallNonvirtualLongMethod: 0x40735505
D/NDROID  (  765): CallNonvirtualLongMethodA: 0x407353d5
D/NDROID  (  765): CallNonvirtualLongMethodV: 0x4073546d
D/NDROID  (  765): CallNonvirtualFloatMethod: 0x40735329
D/NDROID  (  765): CallNonvirtualFloatMethodA: 0x407351e1
D/NDROID  (  765): CallNonvirtualFloatMethodV: 0x40735285
D/NDROID  (  765): CallNonvirtualDoubleMethod: 0x40735141
D/NDROID  (  765): CallNonvirtualDoubleMethodA: 0x40735011
D/NDROID  (  765): CallNonvirtualDoubleMethodV: 0x407350a9
D/NDROID  (  765): GetStaticFieldID: 0x407331d5
D/NDROID  (  765): GetStaticObjectField: 0x40733149
D/NDROID  (  765): GetStaticBooleanField: 0x407330bd
D/NDROID  (  765): GetStaticByteField: 0x40733031
D/NDROID  (  765): GetStaticCharField: 0x40732fa5
D/NDROID  (  765): GetStaticShortField: 0x40732f19
D/NDROID  (  765): GetStaticIntField: 0x40732e8d
D/NDROID  (  765): GetStaticLongField: 0x40732dfd
D/NDROID  (  765): GetStaticFloatField: 0x40732d61
D/NDROID  (  765): GetStaticDoubleField: 0x40732cd1
D/NDROID  (  765): SetStaticObjectField: 0x40732c49
D/NDROID  (  765): SetStaticBooleanField: 0x40732bbd
D/NDROID  (  765): SetStaticByteField: 0x40732b31
D/NDROID  (  765): SetStaticCharField: 0x40732aa5
D/NDROID  (  765): SetStaticShortField: 0x40732a19
D/NDROID  (  765): SetStaticIntField: 0x4073298d
D/NDROID  (  765): SetStaticLongField: 0x407328f9
D/NDROID  (  765): SetStaticFloatField: 0x40732859
D/NDROID  (  765): SetStaticDoubleField: 0x407327bd
D/NDROID  (  765): GetStaticMethodID: 0x407343a5
D/NDROID  (  765): CallStaticVoidMethod: 0x40733355
D/NDROID  (  765): CallStaticVoidMethodA: 0x40733245
D/NDROID  (  765): CallStaticVoidMethodV: 0x407332cd
D/NDROID  (  765): CallStaticObjectMethod: 0x4073430d
D/NDROID  (  765): CallStaticObjectMethodA: 0x407341ed
D/NDROID  (  765): CallStaticObjectMethodV: 0x4073427d
D/NDROID  (  765): CallStaticBooleanMethod: 0x40734155
D/NDROID  (  765): CallStaticBooleanMethodA: 0x40734035
D/NDROID  (  765): CallStaticBooleanMethodV: 0x407340c5
D/NDROID  (  765): CallStaticByteMethod: 0x40733f9d
D/NDROID  (  765): CallStaticByteMethodA: 0x40733e7d
D/NDROID  (  765): CallStaticByteMethodV: 0x40733f0d
D/NDROID  (  765): CallStaticCharMethod: 0x40733de5
D/NDROID  (  765): CallStaticCharMethodA: 0x40733cc5
D/NDROID  (  765): CallStaticCharMethodV: 0x40733d55
D/NDROID  (  765): CallStaticShortMethod: 0x40733c2d
D/NDROID  (  765): CallStaticShortMethodA: 0x40733b0d
D/NDROID  (  765): CallStaticShortMethodV: 0x40733b9d
D/NDROID  (  765): CallStaticIntMethod: 0x40733a75
D/NDROID  (  765): CallStaticIntMethodA: 0x40733955
D/NDROID  (  765): CallStaticIntMethodV: 0x407339e5
D/NDROID  (  765): CallStaticLongMethod: 0x407338b9
D/NDROID  (  765): CallStaticLongMethodA: 0x40733791
D/NDROID  (  765): CallStaticLongMethodV: 0x40733825
D/NDROID  (  765): CallStaticFloatMethod: 0x407336e9
D/NDROID  (  765): CallStaticFloatMethodA: 0x407335a9
D/NDROID  (  765): CallStaticFloatMethodV: 0x40733649
D/NDROID  (  765): CallStaticDoubleMethod: 0x4073350d
D/NDROID  (  765): CallStaticDoubleMethodA: 0x407333e5
D/NDROID  (  765): CallStaticDoubleMethodV: 0x40733479
D/NDROID  (  765): NewString: 0x4073274d
D/NDROID  (  765): GetStringLength: 0x407326ed
D/NDROID  (  765): GetStringChars: 0x40732649
D/NDROID  (  765): ReleaseStringChars: 0x407325a5
D/NDROID  (  765): NewStringUTF: 0x40732545
D/NDROID  (  765): GetStringUTFLength: 0x407324e5
D/NDROID  (  765): GetStringUTFChars: 0x40732459
D/NDROID  (  765): ReleaseStringUTFChars: 0x407323bd
D/NDROID  (  765): GetStringRegion: 0x40730b5d
D/NDROID  (  765): GetStringUTFRegion: 0x40730ae5
D/NDROID  (  765): GetStringCritical: 0x40730931
D/NDROID  (  765): ReleaseStringCritical: 0x4073088d
D/NDROID  (  765): GetArrayLength: 0x4073235d
D/NDROID  (  765): NewObjectArray: 0x407322ed
D/NDROID  (  765): GetObjectArrayElement: 0x4073227d
D/NDROID  (  765): SetObjectArrayElement: 0x40732211
D/NDROID  (  765): NewBooleanArray: 0x407321ad
D/NDROID  (  765): NewByteArray: 0x40732149
D/NDROID  (  765): NewCharArray: 0x407320e5
D/NDROID  (  765): NewShortArray: 0x40732081
D/NDROID  (  765): NewIntArray: 0x4073201d
D/NDROID  (  765): NewLongArray: 0x40731fb9
D/NDROID  (  765): NewFloatArray: 0x40731f55
D/NDROID  (  765): NewDoubleArray: 0x40731ef1
D/NDROID  (  765): GetBooleanArrayElements: 0x40731e51
D/NDROID  (  765): GetByteArrayElements: 0x40731db1
D/NDROID  (  765): GetCharArrayElements: 0x40731d11
D/NDROID  (  765): GetShortArrayElements: 0x40731c71
D/NDROID  (  765): GetIntArrayElements: 0x40731bd1
D/NDROID  (  765): GetLongArrayElements: 0x40731b31
D/NDROID  (  765): GetFloatArrayElements: 0x40731a91
D/NDROID  (  765): GetDoubleArrayElements: 0x407319f1
D/NDROID  (  765): ReleaseBooleanArrayElements: 0x40731955
D/NDROID  (  765): ReleaseByteArrayElements: 0x407318b9
D/NDROID  (  765): ReleaseCharArrayElements: 0x4073181d
D/NDROID  (  765): ReleaseShortArrayElements: 0x40731781
D/NDROID  (  765): ReleaseIntArrayElements: 0x407316e5
D/NDROID  (  765): ReleaseLongArrayElements: 0x40731649
D/NDROID  (  765): ReleaseFloatArrayElements: 0x407315ad
D/NDROID  (  765): ReleaseDoubleArrayElements: 0x40731511
D/NDROID  (  765): GetBooleanArrayRegion: 0x4073149d
D/NDROID  (  765): GetByteArrayRegion: 0x40731429
D/NDROID  (  765): GetCharArrayRegion: 0x407313b5
D/NDROID  (  765): GetShortArrayRegion: 0x40731341
D/NDROID  (  765): GetIntArrayRegion: 0x407312cd
D/NDROID  (  765): GetLongArrayRegion: 0x40731259
D/NDROID  (  765): GetFloatArrayRegion: 0x407311e5
D/NDROID  (  765): GetDoubleArrayRegion: 0x40731171
D/NDROID  (  765): SetBooleanArrayRegion: 0x407310fd
D/NDROID  (  765): SetByteArrayRegion: 0x40731089
D/NDROID  (  765): SetCharArrayRegion: 0x40731015
D/NDROID  (  765): SetShortArrayRegion: 0x40730fa1
D/NDROID  (  765): SetIntArrayRegion: 0x40730f2d
D/NDROID  (  765): SetLongArrayRegion: 0x40730eb9
D/NDROID  (  765): SetFloatArrayRegion: 0x40730e45
D/NDROID  (  765): SetDoubleArrayRegion: 0x40730dd1
D/NDROID  (  765): GetPrimitiveArrayCritical: 0x40730a65
D/NDROID  (  765): ReleasePrimitiveArrayCritical: 0x407309d5
